#
# There is insufficient memory for the Java Runtime Environment to continue.
# Native memory allocation (mmap) failed to map 199229440 bytes for G1 virtual space
# Possible reasons:
#   The system is out of physical RAM or swap space
#   The process is running with CompressedOops enabled, and the Java Heap may be blocking the growth of the native heap
# Possible solutions:
#   Reduce memory load on the system
#   Increase physical memory or swap space
#   Check if swap backing store is full
#   Decrease Java heap size (-Xmx/-Xms)
#   Decrease number of Java threads
#   Decrease Java thread stack sizes (-Xss)
#   Set larger code cache with -XX:ReservedCodeCacheSize=
#   JVM is running with Zero Based Compressed Oops mode in which the Java heap is
#     placed in the first 32GB address space. The Java Heap base address is the
#     maximum limit for the native heap growth. Please use -XX:HeapBaseMinAddress
#     to set the Java Heap base and to place the Java Heap above 32GB virtual address.
# This output file may be truncated or incomplete.
#
#  Out of Memory Error (os_windows.cpp:3613), pid=25436, tid=31264
#
# JRE version:  (17.0.10+7) (build )
# Java VM: OpenJDK 64-Bit Server VM (17.0.10+7-LTS, mixed mode, sharing, tiered, compressed oops, compressed class ptrs, g1 gc, windows-amd64)
# No core dump will be written. Minidumps are not enabled by default on client versions of Windows
#

---------------  S U M M A R Y ------------

Command Line: -javaagent:C:\Program Files\JetBrains\IntelliJ-IDEA-Community-Edition-2023\lib\idea_rt.jar=64133:C:\Program Files\JetBrains\IntelliJ-IDEA-Community-Edition-2023\bin -Dfile.encoding=UTF-8 com.drcde.bookingmircoservice.BookingMircoserviceApplication

Host: Intel(R) Core(TM) i7-10510U CPU @ 1.80GHz, 8 cores, 11G,  Windows 11 , 64 bit Build 22621 (10.0.22621.3085)
Time: Mon Mar 11 12:50:56 2024 Pacific SA Daylight Time elapsed time: 0.012001 seconds (0d 0h 0m 0s)

---------------  T H R E A D  ---------------

Current thread (0x000002a71d9062d0):  JavaThread "Unknown thread" [_thread_in_vm, id=31264, stack(0x000000d38b800000,0x000000d38b900000)]

Stack: [0x000000d38b800000,0x000000d38b900000]
Native frames: (J=compiled Java code, j=interpreted, Vv=VM code, C=native code)
V  [jvm.dll+0x67d2c9]
V  [jvm.dll+0x834b1a]
V  [jvm.dll+0x8365de]
V  [jvm.dll+0x836c43]
V  [jvm.dll+0x2477ff]
V  [jvm.dll+0x67a109]
V  [jvm.dll+0x66eb7a]
V  [jvm.dll+0x30764b]
V  [jvm.dll+0x30eaf6]
V  [jvm.dll+0x35e83e]
V  [jvm.dll+0x35ea6f]
V  [jvm.dll+0x2de248]
V  [jvm.dll+0x2df1b4]
V  [jvm.dll+0x806381]
V  [jvm.dll+0x36c6f1]
V  [jvm.dll+0x7e4e26]
V  [jvm.dll+0x3eff3f]
V  [jvm.dll+0x3f1b71]
C  [jli.dll+0x528f]
C  [ucrtbase.dll+0x29363]
C  [KERNEL32.DLL+0x1257d]
C  [ntdll.dll+0x5aa58]


---------------  P R O C E S S  ---------------

Threads class SMR info:
_java_thread_list=0x00007ffe0a12ee98, length=0, elements={
}

Java Threads: ( => current thread )

Other Threads:
  0x000002a71d95d1f0 GCTaskThread "GC Thread#0" [stack: 0x000000d38b900000,0x000000d38ba00000] [id=4876]
  0x000002a71d969e40 ConcurrentGCThread "G1 Main Marker" [stack: 0x000000d38ba00000,0x000000d38bb00000] [id=33044]
  0x000002a71d96a860 ConcurrentGCThread "G1 Conc#0" [stack: 0x000000d38bb00000,0x000000d38bc00000] [id=27024]

[error occurred during error reporting (printing all threads), id 0xc0000005, EXCEPTION_ACCESS_VIOLATION (0xc0000005) at pc=0x00007ffe098eec87]

VM state: not at safepoint (not fully initialized)

VM Mutex/Monitor currently owned by a thread:  ([mutex/lock_event])
[0x000002a71d900100] Heap_lock - owner thread: 0x000002a71d9062d0

Heap address: 0x0000000743000000, size: 3024 MB, Compressed Oops mode: Zero based, Oop shift amount: 3

CDS archive(s) mapped at: [0x0000000000000000-0x0000000000000000-0x0000000000000000), size 0, SharedBaseAddress: 0x0000000800000000, ArchiveRelocationMode: 1.
Narrow klass base: 0x0000000000000000, Narrow klass shift: 0, Narrow klass range: 0x0

GC Precious Log:
<Empty>

Heap:
 garbage-first heap   total 0K, used 0K [0x0000000743000000, 0x0000000800000000)
  region size 2048K, 0 young (0K), 0 survivors (0K)

[error occurred during error reporting (printing heap information), id 0xc0000005, EXCEPTION_ACCESS_VIOLATION (0xc0000005) at pc=0x00007ffe09cd6fb9]

GC Heap History (0 events):
No events

Dll operation events (1 events):
Event: 0.008 Loaded shared library C:\Users\eduar\.jdks\corretto-17.0.10\bin\java.dll

Deoptimization events (0 events):
No events

Classes unloaded (0 events):
No events

Classes redefined (0 events):
No events

Internal exceptions (0 events):
No events

VM Operations (0 events):
No events

Events (0 events):
No events


Dynamic libraries:
0x00007ff7326e0000 - 0x00007ff7326ee000 	C:\Users\eduar\.jdks\corretto-17.0.10\bin\java.exe
0x00007ffea2850000 - 0x00007ffea2a67000 	C:\WINDOWS\SYSTEM32\ntdll.dll
0x00007ffea17a0000 - 0x00007ffea1864000 	C:\WINDOWS\System32\KERNEL32.DLL
0x00007ffe9fee0000 - 0x00007ffea0286000 	C:\WINDOWS\System32\KERNELBASE.dll
0x00007ffea02f0000 - 0x00007ffea0401000 	C:\WINDOWS\System32\ucrtbase.dll
0x00007ffe7c880000 - 0x00007ffe7c89b000 	C:\Users\eduar\.jdks\corretto-17.0.10\bin\VCRUNTIME140.dll
0x00007ffe7c9c0000 - 0x00007ffe7c9d7000 	C:\Users\eduar\.jdks\corretto-17.0.10\bin\jli.dll
0x00007ffea14f0000 - 0x00007ffea169e000 	C:\WINDOWS\System32\USER32.dll
0x00007ffea02c0000 - 0x00007ffea02e6000 	C:\WINDOWS\System32\win32u.dll
0x00007ffe77e00000 - 0x00007ffe78093000 	C:\WINDOWS\WinSxS\amd64_microsoft.windows.common-controls_6595b64144ccf1df_6.0.22621.2506_none_270c5ae97388e100\COMCTL32.dll
0x00007ffea0e60000 - 0x00007ffea0e89000 	C:\WINDOWS\System32\GDI32.dll
0x00007ffea0e90000 - 0x00007ffea0f37000 	C:\WINDOWS\System32\msvcrt.dll
0x00007ffea0480000 - 0x00007ffea0598000 	C:\WINDOWS\System32\gdi32full.dll
0x00007ffe9fc50000 - 0x00007ffe9fcea000 	C:\WINDOWS\System32\msvcp_win.dll
0x00007ffea0a40000 - 0x00007ffea0a71000 	C:\WINDOWS\System32\IMM32.DLL
0x00007ffe83ee0000 - 0x00007ffe83eec000 	C:\Users\eduar\.jdks\corretto-17.0.10\bin\vcruntime140_1.dll
0x00007ffe5a710000 - 0x00007ffe5a79d000 	C:\Users\eduar\.jdks\corretto-17.0.10\bin\msvcp140.dll
0x00007ffe09600000 - 0x00007ffe0a262000 	C:\Users\eduar\.jdks\corretto-17.0.10\bin\server\jvm.dll
0x00007ffea0b10000 - 0x00007ffea0bc3000 	C:\WINDOWS\System32\ADVAPI32.dll
0x00007ffea0d70000 - 0x00007ffea0e18000 	C:\WINDOWS\System32\sechost.dll
0x00007ffea0290000 - 0x00007ffea02b8000 	C:\WINDOWS\System32\bcrypt.dll
0x00007ffea0680000 - 0x00007ffea0797000 	C:\WINDOWS\System32\RPCRT4.dll
0x00007ffe9e9e0000 - 0x00007ffe9ea2d000 	C:\WINDOWS\SYSTEM32\POWRPROF.dll
0x00007ffe94500000 - 0x00007ffe94534000 	C:\WINDOWS\SYSTEM32\WINMM.dll
0x00007ffe76250000 - 0x00007ffe76259000 	C:\WINDOWS\SYSTEM32\WSOCK32.dll
0x00007ffe94260000 - 0x00007ffe9426a000 	C:\WINDOWS\SYSTEM32\VERSION.dll
0x00007ffea21d0000 - 0x00007ffea2241000 	C:\WINDOWS\System32\WS2_32.dll
0x00007ffe9e9c0000 - 0x00007ffe9e9d3000 	C:\WINDOWS\SYSTEM32\UMPDC.dll
0x00007ffe9ec80000 - 0x00007ffe9ec98000 	C:\WINDOWS\SYSTEM32\kernel.appcore.dll
0x00007ffe820e0000 - 0x00007ffe820ea000 	C:\Users\eduar\.jdks\corretto-17.0.10\bin\jimage.dll
0x00007ffe9d440000 - 0x00007ffe9d673000 	C:\WINDOWS\SYSTEM32\DBGHELP.DLL
0x00007ffea0f40000 - 0x00007ffea12c9000 	C:\WINDOWS\System32\combase.dll
0x00007ffea05a0000 - 0x00007ffea0677000 	C:\WINDOWS\System32\OLEAUT32.dll
0x00007ffe71d70000 - 0x00007ffe71da2000 	C:\WINDOWS\SYSTEM32\dbgcore.DLL
0x00007ffe9fcf0000 - 0x00007ffe9fd6a000 	C:\WINDOWS\System32\bcryptPrimitives.dll
0x00007ffe91bf0000 - 0x00007ffe91bfe000 	C:\Users\eduar\.jdks\corretto-17.0.10\bin\instrument.dll
0x00007ffe76e30000 - 0x00007ffe76e55000 	C:\Users\eduar\.jdks\corretto-17.0.10\bin\java.dll

dbghelp: loaded successfully - version: 4.0.5 - missing functions: none
symbol engine: initialized successfully - sym options: 0x614 - pdb path: .;C:\Users\eduar\.jdks\corretto-17.0.10\bin;C:\WINDOWS\SYSTEM32;C:\WINDOWS\WinSxS\amd64_microsoft.windows.common-controls_6595b64144ccf1df_6.0.22621.2506_none_270c5ae97388e100;C:\Users\eduar\.jdks\corretto-17.0.10\bin\server

VM Arguments:
jvm_args: -javaagent:C:\Program Files\JetBrains\IntelliJ-IDEA-Community-Edition-2023\lib\idea_rt.jar=64133:C:\Program Files\JetBrains\IntelliJ-IDEA-Community-Edition-2023\bin -Dfile.encoding=UTF-8 
java_command: com.drcde.bookingmircoservice.BookingMircoserviceApplication
java_class_path (initial): E:\Mis Proyectos\Springboot\microservices\booking-mircoservice\target\classes;C:\Users\eduar\.m2\repository\org\springframework\boot\spring-boot-starter-data-jpa\3.2.3\spring-boot-starter-data-jpa-3.2.3.jar;C:\Users\eduar\.m2\repository\org\springframework\boot\spring-boot-starter-aop\3.2.3\spring-boot-starter-aop-3.2.3.jar;C:\Users\eduar\.m2\repository\org\springframework\spring-aop\6.1.4\spring-aop-6.1.4.jar;C:\Users\eduar\.m2\repository\org\aspectj\aspectjweaver\1.9.21\aspectjweaver-1.9.21.jar;C:\Users\eduar\.m2\repository\org\springframework\boot\spring-boot-starter-jdbc\3.2.3\spring-boot-starter-jdbc-3.2.3.jar;C:\Users\eduar\.m2\repository\com\zaxxer\HikariCP\5.0.1\HikariCP-5.0.1.jar;C:\Users\eduar\.m2\repository\org\springframework\spring-jdbc\6.1.4\spring-jdbc-6.1.4.jar;C:\Users\eduar\.m2\repository\org\hibernate\orm\hibernate-core\6.4.4.Final\hibernate-core-6.4.4.Final.jar;C:\Users\eduar\.m2\repository\jakarta\persistence\jakarta.persistence-api\3.1.0\jakarta.persistence-api-3.1.0.jar;C:\Users\eduar\.m2\repository\jakarta\transaction\jakarta.transaction-api\2.0.1\jakarta.transaction-api-2.0.1.jar;C:\Users\eduar\.m2\repository\org\jboss\logging\jboss-logging\3.5.3.Final\jboss-logging-3.5.3.Final.jar;C:\Users\eduar\.m2\repository\org\hibernate\common\hibernate-commons-annotations\6.0.6.Final\hibernate-commons-annotations-6.0.6.Final.jar;C:\Users\eduar\.m2\repository\io\smallrye\jandex\3.1.2\jandex-3.1.2.jar;C:\Users\eduar\.m2\repository\com\fasterxml\classmate\1.6.0\classmate-1.6.0.jar;C:\Users\eduar\.m2\repository\net\bytebuddy\byte-buddy\1.14.12\byte-buddy-1.14.12.jar;C:\Users\eduar\.m2\repository\org\glassfish\jaxb\jaxb-runtime\4.0.4\jaxb-runtime-4.0.4.jar;C:\Users\eduar\.m2\repository\org\glassfish\jaxb\jaxb-core\4.0.4\jaxb-core-4.0.4.jar;C:\Users\eduar\.m2\repository\org\eclipse\angus\angus-activation\2.0.1\angus-activation-2.0.1.jar;C:\Users\eduar\.m2\repository\org\glassfish\jaxb\txw2\4.0.4\txw2-4.0.4.jar;C:\Users\eduar\.m2\
Launcher Type: SUN_STANDARD

[Global flags]
     intx CICompilerCount                          = 4                                         {product} {ergonomic}
     uint ConcGCThreads                            = 2                                         {product} {ergonomic}
     uint G1ConcRefinementThreads                  = 8                                         {product} {ergonomic}
   size_t G1HeapRegionSize                         = 2097152                                   {product} {ergonomic}
    uintx GCDrainStackTargetSize                   = 64                                        {product} {ergonomic}
   size_t InitialHeapSize                          = 199229440                                 {product} {ergonomic}
   size_t MarkStackSize                            = 4194304                                   {product} {ergonomic}
   size_t MaxHeapSize                              = 3170893824                                {product} {ergonomic}
   size_t MinHeapDeltaBytes                        = 2097152                                   {product} {ergonomic}
   size_t MinHeapSize                              = 8388608                                   {product} {ergonomic}
    uintx NonNMethodCodeHeapSize                   = 5839372                                {pd product} {ergonomic}
    uintx NonProfiledCodeHeapSize                  = 122909434                              {pd product} {ergonomic}
    uintx ProfiledCodeHeapSize                     = 122909434                              {pd product} {ergonomic}
    uintx ReservedCodeCacheSize                    = 251658240                              {pd product} {ergonomic}
     bool SegmentedCodeCache                       = true                                      {product} {ergonomic}
   size_t SoftMaxHeapSize                          = 3170893824                             {manageable} {ergonomic}
     bool UseCompressedClassPointers               = true                           {product lp64_product} {ergonomic}
     bool UseCompressedOops                        = true                           {product lp64_product} {ergonomic}
     bool UseG1GC                                  = true                                      {product} {ergonomic}
     bool UseLargePagesIndividualAllocation        = false                                  {pd product} {ergonomic}

Logging:
Log output configuration:
 #0: stdout all=warning uptime,level,tags
 #1: stderr all=off uptime,level,tags

Environment Variables:
PATH=C:\Python311\Scripts\;C:\Python311\;C:\WINDOWS\system32;C:\WINDOWS;C:\WINDOWS\System32\Wbem;C:\WINDOWS\System32\WindowsPowerShell\v1.0\;C:\WINDOWS\System32\OpenSSH\;C:\Program Files (x86)\NVIDIA Corporation\PhysX\Common;C:\Program Files\NVIDIA Corporation\NVIDIA NvDLISR;C:\ProgramData\chocolatey\bin;C:\Program Files\Docker\Docker\resources\bin;C:\Program Files\nodejs\;C:\Program Files\Git\cmd;C:\Users\eduar\AppData\Local\Microsoft\WindowsApps;C:\Program Files\JetBrains\IntelliJ-IDEA-Community-Edition-2023\bin;;C:\Users\eduar\AppData\Local\Programs\Microsoft VS Code\bin;C:\Users\eduar\AppData\Local\Programs\oh-my-posh\bin;C:\Program Files\nodejs;C:\Users\eduar\AppData\Roaming\npm
USERNAME=Edu
OS=Windows_NT
PROCESSOR_IDENTIFIER=Intel64 Family 6 Model 142 Stepping 12, GenuineIntel
TMP=C:\Users\eduar\AppData\Local\Temp
TEMP=C:\Users\eduar\AppData\Local\Temp



Periodic native trim disabled


---------------  S Y S T E M  ---------------

OS:
 Windows 11 , 64 bit Build 22621 (10.0.22621.3085)
OS uptime: 6 days 4:48 hours
Hyper-V role detected

CPU: total 8 (initial active 8) (4 cores per cpu, 2 threads per core) family 6 model 142 stepping 12 microcode 0xde, cx8, cmov, fxsr, ht, mmx, 3dnowpref, sse, sse2, sse3, ssse3, sse4.1, sse4.2, popcnt, lzcnt, tsc, tscinvbit, avx, avx2, aes, erms, clmul, bmi1, bmi2, adx, fma, vzeroupper, clflush, clflushopt, hv
Processor Information for all 8 processors :
  Max Mhz: 2304, Current Mhz: 1803, Mhz Limit: 1797

Memory: 4k page, system-wide physical 12091M (520M free)
TotalPageFile size 27250M (AvailPageFile size 56M)
current process WorkingSet (physical memory assigned to process): 11M, peak: 11M
current process commit charge ("private bytes"): 60M, peak: 250M

vm_info: OpenJDK 64-Bit Server VM (17.0.10+7-LTS) for windows-amd64 JRE (17.0.10+7-LTS), built on Jan 10 2024 22:11:07 by "Administrator" with MS VC++ 16.10 / 16.11 (VS2019)

END.
