#
# There is insufficient memory for the Java Runtime Environment to continue.
# Native memory allocation (malloc) failed to allocate 2676448 bytes for Chunk::new
# Possible reasons:
#   The system is out of physical RAM or swap space
#   The process is running with CompressedOops enabled, and the Java Heap may be blocking the growth of the native heap
# Possible solutions:
#   Reduce memory load on the system
#   Increase physical memory or swap space
#   Check if swap backing store is full
#   Decrease Java heap size (-Xmx/-Xms)
#   Decrease number of Java threads
#   Decrease Java thread stack sizes (-Xss)
#   Set larger code cache with -XX:ReservedCodeCacheSize=
#   JVM is running with Zero Based Compressed Oops mode in which the Java heap is
#     placed in the first 32GB address space. The Java Heap base address is the
#     maximum limit for the native heap growth. Please use -XX:HeapBaseMinAddress
#     to set the Java Heap base and to place the Java Heap above 32GB virtual address.
# This output file may be truncated or incomplete.
#
#  Out of Memory Error (arena.cpp:191), pid=26096, tid=17888
#
# JRE version: OpenJDK Runtime Environment Corretto-17.0.10.7.1 (17.0.10+7) (build 17.0.10+7-LTS)
# Java VM: OpenJDK 64-Bit Server VM Corretto-17.0.10.7.1 (17.0.10+7-LTS, mixed mode, sharing, tiered, compressed oops, compressed class ptrs, g1 gc, windows-amd64)
# No core dump will be written. Minidumps are not enabled by default on client versions of Windows
#

---------------  S U M M A R Y ------------

Command Line: -javaagent:C:\Program Files\JetBrains\IntelliJ-IDEA-Community-Edition-2023\lib\idea_rt.jar=63616:C:\Program Files\JetBrains\IntelliJ-IDEA-Community-Edition-2023\bin -Dfile.encoding=UTF-8 com.drcde.discoveryservice.DiscoveryServiceApplication

Host: Intel(R) Core(TM) i7-10510U CPU @ 1.80GHz, 8 cores, 11G,  Windows 11 , 64 bit Build 22621 (10.0.22621.3085)
Time: Mon Mar 11 12:51:41 2024 Pacific SA Daylight Time elapsed time: 285.083525 seconds (0d 0h 4m 45s)

---------------  T H R E A D  ---------------

Current thread (0x000001967ebc7000):  JavaThread "C2 CompilerThread0" daemon [_thread_in_native, id=17888, stack(0x0000009024300000,0x0000009024400000)]


Current CompileTask:
C2: 285083 6499   !   4       java.lang.reflect.Executable::declaredAnnotations (85 bytes)

Stack: [0x0000009024300000,0x0000009024400000]
Native frames: (J=compiled Java code, j=interpreted, Vv=VM code, C=native code)
V  [jvm.dll+0x67d2c9]
V  [jvm.dll+0x834b1a]
V  [jvm.dll+0x8365de]
V  [jvm.dll+0x836c43]
V  [jvm.dll+0x2477ff]
V  [jvm.dll+0xac514]
V  [jvm.dll+0xacb5c]
V  [jvm.dll+0x3667d7]
V  [jvm.dll+0x1bcf72]
V  [jvm.dll+0x21a049]
V  [jvm.dll+0x219311]
V  [jvm.dll+0x1a502d]
V  [jvm.dll+0x2290de]
V  [jvm.dll+0x2272ac]
V  [jvm.dll+0x7e9bd7]
V  [jvm.dll+0x7e3fda]
V  [jvm.dll+0x67c1b5]
C  [ucrtbase.dll+0x29363]
C  [KERNEL32.DLL+0x1257d]
C  [ntdll.dll+0x5aa58]


---------------  P R O C E S S  ---------------

Threads class SMR info:
_java_thread_list=0x000001964e2c4090, length=61, elements={
0x000001967ebae6a0, 0x000001967ebafcc0, 0x000001967ebc22d0, 0x000001967ebc2e90,
0x000001967ebc3950, 0x000001967ebc4ab0, 0x000001967ebc7000, 0x000001967ebdc6c0,
0x000001967ebe50b0, 0x000001964d0e5400, 0x000001964d234210, 0x000001964d45ebd0,
0x000001964df37020, 0x000001964df36600, 0x000001964df37530, 0x000001964df38460,
0x000001964df34cb0, 0x000001964df35be0, 0x000001964df351c0, 0x000001964df356d0,
0x0000019651576330, 0x00000196515790c0, 0x0000019651576d50, 0x000001965157c360,
0x000001965157c870, 0x0000019651576840, 0x000001965157af20, 0x000001965157a500,
0x0000019651575400, 0x000001965157cd80, 0x00000196515795d0, 0x0000019651575e20,
0x000001965157b430, 0x0000019651579ae0, 0x0000019651577260, 0x0000019651578bb0,
0x0000019651577770, 0x0000019651578190, 0x0000019651577c80, 0x0000019651579ff0,
0x00000196515786a0, 0x000001965157be50, 0x000001965157b940, 0x0000019652806940,
0x0000019652803190, 0x00000196528091c0, 0x0000019652806430, 0x0000019652804ae0,
0x0000019652804ff0, 0x00000196528087a0, 0x0000019652802c80, 0x0000019652806e50,
0x0000019652801d50, 0x0000019652807870, 0x0000019652808cb0, 0x00000196528096d0,
0x0000019652805500, 0x0000019652802260, 0x0000019652808290, 0x00000196528036a0,
0x0000019652803bb0
}

Java Threads: ( => current thread )
  0x000001967ebae6a0 JavaThread "Reference Handler" daemon [_thread_blocked, id=25288, stack(0x0000009023d00000,0x0000009023e00000)]
  0x000001967ebafcc0 JavaThread "Finalizer" daemon [_thread_blocked, id=33476, stack(0x0000009023e00000,0x0000009023f00000)]
  0x000001967ebc22d0 JavaThread "Signal Dispatcher" daemon [_thread_blocked, id=23260, stack(0x0000009023f00000,0x0000009024000000)]
  0x000001967ebc2e90 JavaThread "Attach Listener" daemon [_thread_blocked, id=13148, stack(0x0000009024000000,0x0000009024100000)]
  0x000001967ebc3950 JavaThread "Service Thread" daemon [_thread_blocked, id=6468, stack(0x0000009024100000,0x0000009024200000)]
  0x000001967ebc4ab0 JavaThread "Monitor Deflation Thread" daemon [_thread_blocked, id=10316, stack(0x0000009024200000,0x0000009024300000)]
=>0x000001967ebc7000 JavaThread "C2 CompilerThread0" daemon [_thread_in_native, id=17888, stack(0x0000009024300000,0x0000009024400000)]
  0x000001967ebdc6c0 JavaThread "C1 CompilerThread0" daemon [_thread_blocked, id=33628, stack(0x0000009024400000,0x0000009024500000)]
  0x000001967ebe50b0 JavaThread "Sweeper thread" daemon [_thread_blocked, id=19060, stack(0x0000009024500000,0x0000009024600000)]
  0x000001964d0e5400 JavaThread "Common-Cleaner" daemon [_thread_blocked, id=13944, stack(0x0000009024600000,0x0000009024700000)]
  0x000001964d234210 JavaThread "Monitor Ctrl-Break" daemon [_thread_in_native, id=24216, stack(0x0000009024800000,0x0000009024900000)]
  0x000001964d45ebd0 JavaThread "Notification Thread" daemon [_thread_blocked, id=33052, stack(0x0000009024900000,0x0000009024a00000)]
  0x000001964df37020 JavaThread "Catalina-utility-1" [_thread_blocked, id=13464, stack(0x0000009025400000,0x0000009025500000)]
  0x000001964df36600 JavaThread "Catalina-utility-2" [_thread_blocked, id=26044, stack(0x0000009025500000,0x0000009025600000)]
  0x000001964df37530 JavaThread "container-0" [_thread_blocked, id=24568, stack(0x0000009025600000,0x0000009025700000)]
  0x000001964df38460 JavaThread "spring.cloud.inetutils" daemon [_thread_blocked, id=16468, stack(0x0000009025800000,0x0000009025900000)]
  0x000001964df34cb0 JavaThread "Eureka-DeltaRetentionTimer" daemon [_thread_blocked, id=34380, stack(0x0000009025900000,0x0000009025a00000)]
  0x000001964df35be0 JavaThread "Eureka-EvictionTimer" daemon [_thread_blocked, id=32840, stack(0x0000009025a00000,0x0000009025b00000)]
  0x000001964df351c0 JavaThread "Eureka-MeasureRateTimer" daemon [_thread_blocked, id=29720, stack(0x0000009025b00000,0x0000009025c00000)]
  0x000001964df356d0 JavaThread "ReplicaAwareInstanceRegistry - RenewalThresholdUpdater" daemon [_thread_blocked, id=1580, stack(0x0000009025c00000,0x0000009025d00000)]
  0x0000019651576330 JavaThread "Eureka-MeasureRateTimer" daemon [_thread_blocked, id=24948, stack(0x0000009025d00000,0x0000009025e00000)]
  0x00000196515790c0 JavaThread "Eureka-Jersey3Client-Conn-Cleaner2" daemon [_thread_blocked, id=9184, stack(0x0000009025e00000,0x0000009025f00000)]
  0x0000019651576d50 JavaThread "TaskAcceptor-target_localhost" daemon [_thread_blocked, id=11844, stack(0x0000009025f00000,0x0000009026000000)]
  0x000001965157c360 JavaThread "StatsMonitor-0" daemon [_thread_blocked, id=28792, stack(0x0000009026000000,0x0000009026100000)]
  0x000001965157c870 JavaThread "TaskBatchingWorker-target_localhost-0" daemon [_thread_blocked, id=15056, stack(0x0000009026100000,0x0000009026200000)]
  0x0000019651576840 JavaThread "TaskBatchingWorker-target_localhost-1" daemon [_thread_blocked, id=24988, stack(0x0000009026200000,0x0000009026300000)]
  0x000001965157af20 JavaThread "TaskBatchingWorker-target_localhost-2" daemon [_thread_blocked, id=1748, stack(0x0000009026300000,0x0000009026400000)]
  0x000001965157a500 JavaThread "TaskBatchingWorker-target_localhost-3" daemon [_thread_blocked, id=30100, stack(0x0000009026400000,0x0000009026500000)]
  0x0000019651575400 JavaThread "TaskBatchingWorker-target_localhost-4" daemon [_thread_blocked, id=18404, stack(0x0000009026500000,0x0000009026600000)]
  0x000001965157cd80 JavaThread "TaskBatchingWorker-target_localhost-5" daemon [_thread_blocked, id=34460, stack(0x0000009026600000,0x0000009026700000)]
  0x00000196515795d0 JavaThread "TaskBatchingWorker-target_localhost-6" daemon [_thread_blocked, id=15032, stack(0x0000009026700000,0x0000009026800000)]
  0x0000019651575e20 JavaThread "TaskBatchingWorker-target_localhost-7" daemon [_thread_blocked, id=15520, stack(0x0000009026800000,0x0000009026900000)]
  0x000001965157b430 JavaThread "TaskBatchingWorker-target_localhost-8" daemon [_thread_blocked, id=22496, stack(0x0000009026900000,0x0000009026a00000)]
  0x0000019651579ae0 JavaThread "TaskBatchingWorker-target_localhost-9" daemon [_thread_blocked, id=23388, stack(0x0000009026a00000,0x0000009026b00000)]
  0x0000019651577260 JavaThread "TaskBatchingWorker-target_localhost-10" daemon [_thread_blocked, id=28120, stack(0x0000009026b00000,0x0000009026c00000)]
  0x0000019651578bb0 JavaThread "TaskBatchingWorker-target_localhost-11" daemon [_thread_blocked, id=14572, stack(0x0000009026c00000,0x0000009026d00000)]
  0x0000019651577770 JavaThread "TaskBatchingWorker-target_localhost-12" daemon [_thread_blocked, id=33036, stack(0x0000009026d00000,0x0000009026e00000)]
  0x0000019651578190 JavaThread "TaskBatchingWorker-target_localhost-13" daemon [_thread_blocked, id=34732, stack(0x0000009026e00000,0x0000009026f00000)]
  0x0000019651577c80 JavaThread "TaskBatchingWorker-target_localhost-14" daemon [_thread_blocked, id=27744, stack(0x0000009026f00000,0x0000009027000000)]
  0x0000019651579ff0 JavaThread "TaskBatchingWorker-target_localhost-15" daemon [_thread_blocked, id=22072, stack(0x0000009027000000,0x0000009027100000)]
  0x00000196515786a0 JavaThread "TaskBatchingWorker-target_localhost-16" daemon [_thread_blocked, id=18288, stack(0x0000009027100000,0x0000009027200000)]
  0x000001965157be50 JavaThread "TaskBatchingWorker-target_localhost-17" daemon [_thread_blocked, id=31500, stack(0x0000009027200000,0x0000009027300000)]
  0x000001965157b940 JavaThread "TaskBatchingWorker-target_localhost-18" daemon [_thread_blocked, id=30192, stack(0x0000009027300000,0x0000009027400000)]
  0x0000019652806940 JavaThread "TaskBatchingWorker-target_localhost-19" daemon [_thread_blocked, id=33660, stack(0x0000009027400000,0x0000009027500000)]
  0x0000019652803190 JavaThread "TaskAcceptor-localhost" daemon [_thread_blocked, id=17784, stack(0x0000009027500000,0x0000009027600000)]
  0x00000196528091c0 JavaThread "TaskNonBatchingWorker-localhost-0" daemon [_thread_blocked, id=16276, stack(0x0000009027600000,0x0000009027700000)]
  0x0000019652806430 JavaThread "Eureka-PeerNodesUpdater" daemon [_thread_blocked, id=25296, stack(0x0000009027700000,0x0000009027800000)]
  0x0000019652804ae0 JavaThread "Eureka-CacheFillTimer" daemon [_thread_blocked, id=13356, stack(0x0000009027800000,0x0000009027900000)]
  0x0000019652804ff0 JavaThread "http-nio-8761-exec-1" daemon [_thread_in_vm, id=33020, stack(0x0000009027a00000,0x0000009027b00000)]
  0x00000196528087a0 JavaThread "http-nio-8761-exec-2" daemon [_thread_blocked, id=20440, stack(0x0000009027b00000,0x0000009027c00000)]
  0x0000019652802c80 JavaThread "http-nio-8761-exec-3" daemon [_thread_blocked, id=8460, stack(0x0000009027c00000,0x0000009027d00000)]
  0x0000019652806e50 JavaThread "http-nio-8761-exec-4" daemon [_thread_blocked, id=24864, stack(0x0000009027d00000,0x0000009027e00000)]
  0x0000019652801d50 JavaThread "http-nio-8761-exec-5" daemon [_thread_blocked, id=15468, stack(0x0000009027e00000,0x0000009027f00000)]
  0x0000019652807870 JavaThread "http-nio-8761-exec-6" daemon [_thread_blocked, id=19976, stack(0x0000009027f00000,0x0000009028000000)]
  0x0000019652808cb0 JavaThread "http-nio-8761-exec-7" daemon [_thread_blocked, id=32044, stack(0x0000009028000000,0x0000009028100000)]
  0x00000196528096d0 JavaThread "http-nio-8761-exec-8" daemon [_thread_blocked, id=31632, stack(0x0000009028100000,0x0000009028200000)]
  0x0000019652805500 JavaThread "http-nio-8761-exec-9" daemon [_thread_blocked, id=19144, stack(0x0000009028200000,0x0000009028300000)]
  0x0000019652802260 JavaThread "http-nio-8761-exec-10" daemon [_thread_in_vm, id=29528, stack(0x0000009028300000,0x0000009028400000)]
  0x0000019652808290 JavaThread "http-nio-8761-Poller" daemon [_thread_in_native, id=22428, stack(0x0000009028400000,0x0000009028500000)]
  0x00000196528036a0 JavaThread "http-nio-8761-Acceptor" daemon [_thread_in_native, id=32300, stack(0x0000009027900000,0x0000009027a00000)]
  0x0000019652803bb0 JavaThread "DestroyJavaVM" [_thread_blocked, id=18536, stack(0x0000009023600000,0x0000009023700000)]

Other Threads:
  0x000001967ebab300 VMThread "VM Thread" [stack: 0x0000009023c00000,0x0000009023d00000] [id=17296]
  0x000001964d379ea0 WatcherThread [stack: 0x0000009024a00000,0x0000009024b00000] [id=17476]
  0x00000196661c6c80 GCTaskThread "GC Thread#0" [stack: 0x0000009023700000,0x0000009023800000] [id=28028]
  0x000001964e03fe00 GCTaskThread "GC Thread#1" [stack: 0x0000009024700000,0x0000009024800000] [id=10344]
  0x000001964e0400c0 GCTaskThread "GC Thread#2" [stack: 0x0000009024b00000,0x0000009024c00000] [id=18708]
  0x000001964e00b280 GCTaskThread "GC Thread#3" [stack: 0x0000009024c00000,0x0000009024d00000] [id=22040]
  0x000001964d89b450 GCTaskThread "GC Thread#4" [stack: 0x0000009024d00000,0x0000009024e00000] [id=5812]
  0x000001964e1f4780 GCTaskThread "GC Thread#5" [stack: 0x0000009025000000,0x0000009025100000] [id=30288]
  0x000001964e16f4e0 GCTaskThread "GC Thread#6" [stack: 0x0000009025100000,0x0000009025200000] [id=20144]
  0x000001964e16f9b0 GCTaskThread "GC Thread#7" [stack: 0x0000009025200000,0x0000009025300000] [id=30736]
  0x00000196661d38d0 ConcurrentGCThread "G1 Main Marker" [stack: 0x0000009023800000,0x0000009023900000] [id=23076]
  0x00000196661d5300 ConcurrentGCThread "G1 Conc#0" [stack: 0x0000009023900000,0x0000009023a00000] [id=16772]
  0x00000196501b1cd0 ConcurrentGCThread "G1 Conc#1" [stack: 0x0000009024f00000,0x0000009025000000] [id=32568]
  0x000001966620ea80 ConcurrentGCThread "G1 Refine#0" [stack: 0x0000009023a00000,0x0000009023b00000] [id=2176]
  0x0000019650784d80 ConcurrentGCThread "G1 Refine#1" [stack: 0x0000009025700000,0x0000009025800000] [id=27128]
  0x000001967ea68650 ConcurrentGCThread "G1 Service" [stack: 0x0000009023b00000,0x0000009023c00000] [id=21592]

Threads with active compile tasks:
C2 CompilerThread0   285165 6499   !   4       java.lang.reflect.Executable::declaredAnnotations (85 bytes)

VM state: not at safepoint (normal execution)

VM Mutex/Monitor currently owned by a thread: None

Heap address: 0x0000000743000000, size: 3024 MB, Compressed Oops mode: Zero based, Oop shift amount: 3

CDS archive(s) mapped at: [0x0000019608000000-0x0000019608bb0000-0x0000019608bb0000), size 12255232, SharedBaseAddress: 0x0000019608000000, ArchiveRelocationMode: 1.
Compressed class space mapped at: 0x0000019609000000-0x0000019649000000, reserved size: 1073741824
Narrow klass base: 0x0000019608000000, Narrow klass shift: 0, Narrow klass range: 0x100000000

GC Precious Log:
 CPUs: 8 total, 8 available
 Memory: 12091M
 Large Page Support: Disabled
 NUMA Support: Disabled
 Compressed Oops: Enabled (Zero based)
 Heap Region Size: 2M
 Heap Min Capacity: 8M
 Heap Initial Capacity: 190M
 Heap Max Capacity: 3024M
 Pre-touch: Disabled
 Parallel Workers: 8
 Concurrent Workers: 2
 Concurrent Refinement Workers: 8
 Periodic GC: Disabled

Heap:
 garbage-first heap   total 73728K, used 41943K [0x0000000743000000, 0x0000000800000000)
  region size 2048K, 6 young (12288K), 2 survivors (4096K)
 Metaspace       used 58801K, committed 59456K, reserved 1114112K
  class space    used 7887K, committed 8192K, reserved 1048576K

Heap Regions: E=young(eden), S=young(survivor), O=old, HS=humongous(starts), HC=humongous(continues), CS=collection set, F=free, OA=open archive, CA=closed archive, TAMS=top-at-mark-start (previous, next)
|   0|0x0000000743000000, 0x0000000743200000, 0x0000000743200000|100%| O|  |TAMS 0x0000000743200000, 0x0000000743000000| Untracked 
|   1|0x0000000743200000, 0x0000000743400000, 0x0000000743400000|100%| O|  |TAMS 0x0000000743400000, 0x0000000743200000| Untracked 
|   2|0x0000000743400000, 0x0000000743600000, 0x0000000743600000|100%| O|  |TAMS 0x0000000743600000, 0x0000000743400000| Untracked 
|   3|0x0000000743600000, 0x0000000743800000, 0x0000000743800000|100%| O|  |TAMS 0x0000000743600000, 0x0000000743600000| Untracked 
|   4|0x0000000743800000, 0x0000000743a00000, 0x0000000743a00000|100%| O|  |TAMS 0x0000000743a00000, 0x0000000743800000| Untracked 
|   5|0x0000000743a00000, 0x0000000743c00000, 0x0000000743c00000|100%| O|  |TAMS 0x0000000743c00000, 0x0000000743a00000| Untracked 
|   6|0x0000000743c00000, 0x0000000743e00000, 0x0000000743e00000|100%| O|  |TAMS 0x0000000743e00000, 0x0000000743c00000| Untracked 
|   7|0x0000000743e00000, 0x0000000744000000, 0x0000000744000000|100%| O|  |TAMS 0x0000000744000000, 0x0000000743e00000| Untracked 
|   8|0x0000000744000000, 0x0000000744200000, 0x0000000744200000|100%| O|  |TAMS 0x0000000744200000, 0x0000000744000000| Untracked 
|   9|0x0000000744200000, 0x0000000744400000, 0x0000000744400000|100%| O|  |TAMS 0x0000000744272400, 0x0000000744200000| Untracked 
|  10|0x0000000744400000, 0x0000000744600000, 0x0000000744600000|100%| O|  |TAMS 0x0000000744400000, 0x0000000744400000| Untracked 
|  11|0x0000000744600000, 0x0000000744800000, 0x0000000744800000|100%| O|  |TAMS 0x0000000744600000, 0x0000000744600000| Untracked 
|  12|0x0000000744800000, 0x0000000744a00000, 0x0000000744a00000|100%| O|  |TAMS 0x0000000744800000, 0x0000000744800000| Untracked 
|  13|0x0000000744a00000, 0x0000000744c00000, 0x0000000744c00000|100%| O|  |TAMS 0x0000000744a00000, 0x0000000744a00000| Untracked 
|  14|0x0000000744c00000, 0x0000000744e00000, 0x0000000744e00000|100%| O|  |TAMS 0x0000000744c00000, 0x0000000744c00000| Untracked 
|  15|0x0000000744e00000, 0x0000000744fdc400, 0x0000000745000000| 93%| O|  |TAMS 0x0000000744e00000, 0x0000000744e00000| Untracked 
|  16|0x0000000745000000, 0x0000000745000000, 0x0000000745200000|  0%| F|  |TAMS 0x0000000745000000, 0x0000000745000000| Untracked 
|  17|0x0000000745200000, 0x0000000745200000, 0x0000000745400000|  0%| F|  |TAMS 0x0000000745200000, 0x0000000745200000| Untracked 
|  18|0x0000000745400000, 0x0000000745400000, 0x0000000745600000|  0%| F|  |TAMS 0x0000000745400000, 0x0000000745400000| Untracked 
|  19|0x0000000745600000, 0x0000000745600000, 0x0000000745800000|  0%| F|  |TAMS 0x0000000745600000, 0x0000000745600000| Untracked 
|  20|0x0000000745800000, 0x0000000745800000, 0x0000000745a00000|  0%| F|  |TAMS 0x0000000745800000, 0x0000000745800000| Untracked 
|  21|0x0000000745a00000, 0x0000000745a00000, 0x0000000745c00000|  0%| F|  |TAMS 0x0000000745a00000, 0x0000000745a00000| Untracked 
|  22|0x0000000745c00000, 0x0000000745d19af0, 0x0000000745e00000| 55%| S|CS|TAMS 0x0000000745c00000, 0x0000000745c00000| Complete 
|  23|0x0000000745e00000, 0x0000000746000000, 0x0000000746000000|100%| S|CS|TAMS 0x0000000745e00000, 0x0000000745e00000| Complete 
|  24|0x0000000746000000, 0x0000000746000000, 0x0000000746200000|  0%| F|  |TAMS 0x0000000746000000, 0x0000000746000000| Untracked 
|  25|0x0000000746200000, 0x0000000746200000, 0x0000000746400000|  0%| F|  |TAMS 0x0000000746200000, 0x0000000746200000| Untracked 
|  26|0x0000000746400000, 0x0000000746400000, 0x0000000746600000|  0%| F|  |TAMS 0x0000000746400000, 0x0000000746400000| Untracked 
|  27|0x0000000746600000, 0x0000000746600000, 0x0000000746800000|  0%| F|  |TAMS 0x0000000746600000, 0x0000000746600000| Untracked 
|  28|0x0000000746800000, 0x0000000746800000, 0x0000000746a00000|  0%| F|  |TAMS 0x0000000746800000, 0x0000000746800000| Untracked 
|  29|0x0000000746a00000, 0x0000000746a00000, 0x0000000746c00000|  0%| F|  |TAMS 0x0000000746a00000, 0x0000000746a00000| Untracked 
|  30|0x0000000746c00000, 0x0000000746c00000, 0x0000000746e00000|  0%| F|  |TAMS 0x0000000746c00000, 0x0000000746c00000| Untracked 
|  87|0x000000074de00000, 0x000000074de00000, 0x000000074e000000|  0%| F|  |TAMS 0x000000074de00000, 0x000000074de00000| Untracked 
|  88|0x000000074e000000, 0x000000074e1331e8, 0x000000074e200000| 59%| E|  |TAMS 0x000000074e000000, 0x000000074e000000| Complete 
|  89|0x000000074e200000, 0x000000074e400000, 0x000000074e400000|100%| E|CS|TAMS 0x000000074e200000, 0x000000074e200000| Complete 
|  90|0x000000074e400000, 0x000000074e600000, 0x000000074e600000|100%| E|CS|TAMS 0x000000074e400000, 0x000000074e400000| Complete 
|  94|0x000000074ec00000, 0x000000074ee00000, 0x000000074ee00000|100%| E|CS|TAMS 0x000000074ec00000, 0x000000074ec00000| Complete 

Card table byte_map: [0x000001967d590000,0x000001967db80000] _byte_map_base: 0x0000019679b78000

Marking Bits (Prev, Next): (CMBitMap*) 0x00000196661c72a0, (CMBitMap*) 0x00000196661c72e0
 Prev Bits: [0x0000019600000000, 0x0000019602f40000)
 Next Bits: [0x0000019602f40000, 0x0000019605e80000)

Polling page: 0x0000019664080000

Metaspace:

Usage:
  Non-class:     49.72 MB used.
      Class:      7.70 MB used.
       Both:     57.42 MB used.

Virtual space:
  Non-class space:       64.00 MB reserved,      50.06 MB ( 78%) committed,  1 nodes.
      Class space:        1.00 GB reserved,       8.00 MB ( <1%) committed,  1 nodes.
             Both:        1.06 GB reserved,      58.06 MB (  5%) committed. 

Chunk freelists:
   Non-Class:  13.86 MB
       Class:  7.97 MB
        Both:  21.83 MB

MaxMetaspaceSize: unlimited
CompressedClassSpaceSize: 1.00 GB
Initial GC threshold: 21.00 MB
Current GC threshold: 59.06 MB
CDS: on
MetaspaceReclaimPolicy: balanced
 - commit_granule_bytes: 65536.
 - commit_granule_words: 8192.
 - virtual_space_node_default_size: 8388608.
 - enlarge_chunks_in_place: 1.
 - new_chunks_are_fully_committed: 0.
 - uncommit_free_chunks: 1.
 - use_allocation_guard: 0.
 - handle_deallocations: 1.


Internal statistics:

num_allocs_failed_limit: 6.
num_arena_births: 798.
num_arena_deaths: 0.
num_vsnodes_births: 2.
num_vsnodes_deaths: 0.
num_space_committed: 928.
num_space_uncommitted: 0.
num_chunks_returned_to_freelist: 6.
num_chunks_taken_from_freelist: 2955.
num_chunk_merges: 6.
num_chunk_splits: 2026.
num_chunks_enlarged: 1507.
num_inconsistent_stats: 0.

CodeHeap 'non-profiled nmethods': size=120000Kb used=4643Kb max_used=4643Kb free=115356Kb
 bounds [0x0000019675740000, 0x0000019675bd0000, 0x000001967cc70000]
CodeHeap 'profiled nmethods': size=120000Kb used=12186Kb max_used=12186Kb free=107813Kb
 bounds [0x000001966dc70000, 0x000001966e860000, 0x00000196751a0000]
CodeHeap 'non-nmethods': size=5760Kb used=1310Kb max_used=1387Kb free=4449Kb
 bounds [0x00000196751a0000, 0x0000019675410000, 0x0000019675740000]
 total_blobs=6473 nmethods=5839 adapters=545
 compilation: enabled
              stopped_count=0, restarted_count=0
 full_count=0

Compilation events (20 events):
Event: 284.693 Thread 0x000001967ebdc6c0 6605       3       org.apache.tomcat.util.buf.ByteChunk::recycle (10 bytes)
Event: 284.693 Thread 0x000001967ebdc6c0 nmethod 6605 0x000001966e84e710 code [0x000001966e84e8a0, 0x000001966e84ea58]
Event: 284.693 Thread 0x000001967ebdc6c0 6606       3       org.apache.tomcat.util.buf.MessageBytes::recycle (35 bytes)
Event: 284.694 Thread 0x000001967ebdc6c0 nmethod 6606 0x000001966e84eb10 code [0x000001966e84ecc0, 0x000001966e84f038]
Event: 285.027 Thread 0x000001967ebdc6c0 6608       3       java.util.concurrent.atomic.AtomicReference::compareAndSet (10 bytes)
Event: 285.028 Thread 0x000001967ebdc6c0 nmethod 6608 0x000001966e84f190 code [0x000001966e84f420, 0x000001966e850058]
Event: 285.029 Thread 0x000001967ebdc6c0 6609       3       org.apache.tomcat.util.buf.MessageBytes::toStringType (69 bytes)
Event: 285.033 Thread 0x000001967ebdc6c0 nmethod 6609 0x000001966e850410 code [0x000001966e850640, 0x000001966e851148]
Event: 285.044 Thread 0x000001967ebdc6c0 6612       1       org.apache.coyote.Request::method (5 bytes)
Event: 285.044 Thread 0x000001967ebdc6c0 nmethod 6612 0x0000019675bc8810 code [0x0000019675bc89a0, 0x0000019675bc8a78]
Event: 285.044 Thread 0x000001967ebdc6c0 6613       3       java.util.ArrayDeque::iterator (9 bytes)
Event: 285.045 Thread 0x000001967ebdc6c0 nmethod 6613 0x000001966e851410 code [0x000001966e8515c0, 0x000001966e8519f8]
Event: 285.046 Thread 0x000001967ebdc6c0 6614       1       org.springframework.web.servlet.mvc.condition.AbstractMediaTypeExpression::getMediaType (5 bytes)
Event: 285.046 Thread 0x000001967ebdc6c0 nmethod 6614 0x0000019675bc8b10 code [0x0000019675bc8ca0, 0x0000019675bc8d78]
Event: 285.046 Thread 0x000001967ebdc6c0 6615       3       org.apache.catalina.connector.Request::getAttribute (336 bytes)
Event: 285.048 Thread 0x000001967ebdc6c0 nmethod 6615 0x000001966e851b90 code [0x000001966e851f80, 0x000001966e853ce8]
Event: 285.075 Thread 0x000001967ebdc6c0 6616       3       org.apache.tomcat.util.buf.AbstractChunk::<init> (20 bytes)
Event: 285.076 Thread 0x000001967ebdc6c0 nmethod 6616 0x000001966e854610 code [0x000001966e8547a0, 0x000001966e854918]
Event: 285.076 Thread 0x000001967ebdc6c0 6617       3       org.apache.catalina.connector.RequestFacade::getAttribute (13 bytes)
Event: 285.076 Thread 0x000001967ebdc6c0 nmethod 6617 0x000001966e854a10 code [0x000001966e854be0, 0x000001966e854f08]

GC Heap History (20 events):
Event: 6.186 GC heap before
{Heap before GC invocations=5 (full 0):
 garbage-first heap   total 61440K, used 41482K [0x0000000743000000, 0x0000000800000000)
  region size 2048K, 18 young (36864K), 4 survivors (8192K)
 Metaspace       used 25543K, committed 25920K, reserved 1114112K
  class space    used 3232K, committed 3392K, reserved 1048576K
}
Event: 6.203 GC heap after
{Heap after GC invocations=6 (full 0):
 garbage-first heap   total 61440K, used 17227K [0x0000000743000000, 0x0000000800000000)
  region size 2048K, 2 young (4096K), 2 survivors (4096K)
 Metaspace       used 25543K, committed 25920K, reserved 1114112K
  class space    used 3232K, committed 3392K, reserved 1048576K
}
Event: 6.422 GC heap before
{Heap before GC invocations=6 (full 0):
 garbage-first heap   total 61440K, used 19275K [0x0000000743000000, 0x0000000800000000)
  region size 2048K, 3 young (6144K), 2 survivors (4096K)
 Metaspace       used 26128K, committed 26560K, reserved 1114112K
  class space    used 3298K, committed 3520K, reserved 1048576K
}
Event: 6.432 GC heap after
{Heap after GC invocations=7 (full 0):
 garbage-first heap   total 61440K, used 17635K [0x0000000743000000, 0x0000000800000000)
  region size 2048K, 1 young (2048K), 1 survivors (2048K)
 Metaspace       used 26128K, committed 26560K, reserved 1114112K
  class space    used 3298K, committed 3520K, reserved 1048576K
}
Event: 7.145 GC heap before
{Heap before GC invocations=7 (full 0):
 garbage-first heap   total 61440K, used 40163K [0x0000000743000000, 0x0000000800000000)
  region size 2048K, 12 young (24576K), 1 survivors (2048K)
 Metaspace       used 29369K, committed 29824K, reserved 1114112K
  class space    used 3692K, committed 3904K, reserved 1048576K
}
Event: 7.154 GC heap after
{Heap after GC invocations=8 (full 0):
 garbage-first heap   total 61440K, used 18647K [0x0000000743000000, 0x0000000800000000)
  region size 2048K, 1 young (2048K), 1 survivors (2048K)
 Metaspace       used 29369K, committed 29824K, reserved 1114112K
  class space    used 3692K, committed 3904K, reserved 1048576K
}
Event: 7.734 GC heap before
{Heap before GC invocations=8 (full 0):
 garbage-first heap   total 61440K, used 43223K [0x0000000743000000, 0x0000000800000000)
  region size 2048K, 13 young (26624K), 1 survivors (2048K)
 Metaspace       used 31943K, committed 32384K, reserved 1114112K
  class space    used 4063K, committed 4288K, reserved 1048576K
}
Event: 7.743 GC heap after
{Heap after GC invocations=9 (full 0):
 garbage-first heap   total 73728K, used 19522K [0x0000000743000000, 0x0000000800000000)
  region size 2048K, 2 young (4096K), 2 survivors (4096K)
 Metaspace       used 31943K, committed 32384K, reserved 1114112K
  class space    used 4063K, committed 4288K, reserved 1048576K
}
Event: 8.391 GC heap before
{Heap before GC invocations=9 (full 0):
 garbage-first heap   total 73728K, used 35906K [0x0000000743000000, 0x0000000800000000)
  region size 2048K, 11 young (22528K), 2 survivors (4096K)
 Metaspace       used 35695K, committed 36096K, reserved 1114112K
  class space    used 4632K, committed 4800K, reserved 1048576K
}
Event: 8.401 GC heap after
{Heap after GC invocations=10 (full 0):
 garbage-first heap   total 73728K, used 20770K [0x0000000743000000, 0x0000000800000000)
  region size 2048K, 2 young (4096K), 2 survivors (4096K)
 Metaspace       used 35695K, committed 36096K, reserved 1114112K
  class space    used 4632K, committed 4800K, reserved 1048576K
}
Event: 9.277 GC heap before
{Heap before GC invocations=11 (full 0):
 garbage-first heap   total 73728K, used 53538K [0x0000000743000000, 0x0000000800000000)
  region size 2048K, 18 young (36864K), 2 survivors (4096K)
 Metaspace       used 39406K, committed 39872K, reserved 1114112K
  class space    used 5160K, committed 5376K, reserved 1048576K
}
Event: 9.287 GC heap after
{Heap after GC invocations=12 (full 0):
 garbage-first heap   total 73728K, used 26378K [0x0000000743000000, 0x0000000800000000)
  region size 2048K, 3 young (6144K), 3 survivors (6144K)
 Metaspace       used 39406K, committed 39872K, reserved 1114112K
  class space    used 5160K, committed 5376K, reserved 1048576K
}
Event: 11.008 GC heap before
{Heap before GC invocations=12 (full 0):
 garbage-first heap   total 73728K, used 53002K [0x0000000743000000, 0x0000000800000000)
  region size 2048K, 16 young (32768K), 3 survivors (6144K)
 Metaspace       used 43639K, committed 44096K, reserved 1114112K
  class space    used 5869K, committed 6080K, reserved 1048576K
}
Event: 11.016 GC heap after
{Heap after GC invocations=13 (full 0):
 garbage-first heap   total 73728K, used 29138K [0x0000000743000000, 0x0000000800000000)
  region size 2048K, 2 young (4096K), 2 survivors (4096K)
 Metaspace       used 43639K, committed 44096K, reserved 1114112K
  class space    used 5869K, committed 6080K, reserved 1048576K
}
Event: 12.177 GC heap before
{Heap before GC invocations=13 (full 0):
 garbage-first heap   total 73728K, used 53714K [0x0000000743000000, 0x0000000800000000)
  region size 2048K, 14 young (28672K), 2 survivors (4096K)
 Metaspace       used 49391K, committed 49792K, reserved 1114112K
  class space    used 6590K, committed 6784K, reserved 1048576K
}
Event: 12.184 GC heap after
{Heap after GC invocations=14 (full 0):
 garbage-first heap   total 73728K, used 32815K [0x0000000743000000, 0x0000000800000000)
  region size 2048K, 2 young (4096K), 2 survivors (4096K)
 Metaspace       used 49391K, committed 49792K, reserved 1114112K
  class space    used 6590K, committed 6784K, reserved 1048576K
}
Event: 131.669 GC heap before
{Heap before GC invocations=14 (full 0):
 garbage-first heap   total 73728K, used 53295K [0x0000000743000000, 0x0000000800000000)
  region size 2048K, 12 young (24576K), 2 survivors (4096K)
 Metaspace       used 53035K, committed 53632K, reserved 1114112K
  class space    used 7073K, committed 7360K, reserved 1048576K
}
Event: 131.689 GC heap after
{Heap after GC invocations=15 (full 0):
 garbage-first heap   total 73728K, used 34756K [0x0000000743000000, 0x0000000800000000)
  region size 2048K, 2 young (4096K), 2 survivors (4096K)
 Metaspace       used 53035K, committed 53632K, reserved 1114112K
  class space    used 7073K, committed 7360K, reserved 1048576K
}
Event: 283.815 GC heap before
{Heap before GC invocations=15 (full 0):
 garbage-first heap   total 73728K, used 53188K [0x0000000743000000, 0x0000000800000000)
  region size 2048K, 12 young (24576K), 2 survivors (4096K)
 Metaspace       used 57145K, committed 57664K, reserved 1114112K
  class space    used 7617K, committed 7872K, reserved 1048576K
}
Event: 283.819 GC heap after
{Heap after GC invocations=16 (full 0):
 garbage-first heap   total 73728K, used 35799K [0x0000000743000000, 0x0000000800000000)
  region size 2048K, 2 young (4096K), 2 survivors (4096K)
 Metaspace       used 57145K, committed 57664K, reserved 1114112K
  class space    used 7617K, committed 7872K, reserved 1048576K
}

Dll operation events (14 events):
Event: 0.016 Loaded shared library C:\Users\eduar\.jdks\corretto-17.0.10\bin\java.dll
Event: 0.059 Loaded shared library C:\Users\eduar\.jdks\corretto-17.0.10\bin\jsvml.dll
Event: 0.271 Loaded shared library C:\Users\eduar\.jdks\corretto-17.0.10\bin\zip.dll
Event: 0.275 Loaded shared library C:\Users\eduar\.jdks\corretto-17.0.10\bin\instrument.dll
Event: 0.287 Loaded shared library C:\Users\eduar\.jdks\corretto-17.0.10\bin\net.dll
Event: 0.289 Loaded shared library C:\Users\eduar\.jdks\corretto-17.0.10\bin\nio.dll
Event: 0.293 Loaded shared library C:\Users\eduar\.jdks\corretto-17.0.10\bin\zip.dll
Event: 0.565 Loaded shared library C:\Program Files\JetBrains\IntelliJ-IDEA-Community-Edition-2023\bin\breakgen64.dll
Event: 0.584 Loaded shared library C:\Users\eduar\.jdks\corretto-17.0.10\bin\extnet.dll
Event: 0.657 Loaded shared library C:\Users\eduar\.jdks\corretto-17.0.10\bin\jimage.dll
Event: 3.466 Loaded shared library C:\Users\eduar\.jdks\corretto-17.0.10\bin\sunmscapi.dll
Event: 6.608 Loaded shared library C:\Users\eduar\.jdks\corretto-17.0.10\bin\management.dll
Event: 6.611 Loaded shared library C:\Users\eduar\.jdks\corretto-17.0.10\bin\management_ext.dll
Event: 6.922 Loaded shared library C:\Users\eduar\.jdks\corretto-17.0.10\bin\verify.dll

Deoptimization events (20 events):
Event: 133.271 Thread 0x0000019651579ae0 Uncommon trap: trap_request=0xffffff45 fr.pc=0x0000019675b59a04 relative=0x00000000000004a4
Event: 133.271 Thread 0x0000019651579ae0 Uncommon trap: reason=unstable_if action=reinterpret pc=0x0000019675b59a04 method=java.util.concurrent.LinkedBlockingQueue.poll(JLjava/util/concurrent/TimeUnit;)Ljava/lang/Object; @ 29 c2
Event: 133.271 Thread 0x0000019651579ae0 DEOPT PACKING pc=0x0000019675b59a04 sp=0x0000009026aff5a0
Event: 133.271 Thread 0x0000019651579ae0 DEOPT UNPACKING pc=0x00000196751f69a3 sp=0x0000009026aff540 mode 2
Event: 134.014 Thread 0x0000019651579ae0 Uncommon trap: trap_request=0xffffff45 fr.pc=0x00000196758c6440 relative=0x00000000000000c0
Event: 134.014 Thread 0x0000019651579ae0 Uncommon trap: reason=unstable_if action=reinterpret pc=0x00000196758c6440 method=java.lang.Integer.stringSize(I)I @ 3 c2
Event: 134.014 Thread 0x0000019651579ae0 DEOPT PACKING pc=0x00000196758c6440 sp=0x0000009026afcdf0
Event: 134.015 Thread 0x0000019651579ae0 DEOPT UNPACKING pc=0x00000196751f69a3 sp=0x0000009026afcd78 mode 2
Event: 134.015 Thread 0x0000019651579ae0 Uncommon trap: trap_request=0xffffff45 fr.pc=0x00000196758c4e78 relative=0x00000000000001d8
Event: 134.015 Thread 0x0000019651579ae0 Uncommon trap: reason=unstable_if action=reinterpret pc=0x00000196758c4e78 method=java.lang.Integer.getChars(II[B)I @ 4 c2
Event: 134.015 Thread 0x0000019651579ae0 DEOPT PACKING pc=0x00000196758c4e78 sp=0x0000009026afcdd0
Event: 134.015 Thread 0x0000019651579ae0 DEOPT UNPACKING pc=0x00000196751f69a3 sp=0x0000009026afcd60 mode 2
Event: 134.023 Thread 0x0000019652802c80 Uncommon trap: trap_request=0xffffff45 fr.pc=0x0000019675882be8 relative=0x00000000000003a8
Event: 134.023 Thread 0x0000019652802c80 Uncommon trap: reason=unstable_if action=reinterpret pc=0x0000019675882be8 method=java.util.HashMap.getNode(Ljava/lang/Object;)Ljava/util/HashMap$Node; @ 66 c2
Event: 134.023 Thread 0x0000019652802c80 DEOPT PACKING pc=0x0000019675882be8 sp=0x0000009027cfc360
Event: 134.023 Thread 0x0000019652802c80 DEOPT UNPACKING pc=0x00000196751f69a3 sp=0x0000009027cfc280 mode 2
Event: 283.975 Thread 0x0000019652805500 Uncommon trap: trap_request=0xffffff45 fr.pc=0x00000196757ab284 relative=0x0000000000000084
Event: 283.975 Thread 0x0000019652805500 Uncommon trap: reason=unstable_if action=reinterpret pc=0x00000196757ab284 method=java.lang.CharacterDataLatin1.isWhitespace(I)Z @ 14 c2
Event: 283.975 Thread 0x0000019652805500 DEOPT PACKING pc=0x00000196757ab284 sp=0x00000090282fc120
Event: 283.975 Thread 0x0000019652805500 DEOPT UNPACKING pc=0x00000196751f69a3 sp=0x00000090282fc090 mode 2

Classes unloaded (0 events):
No events

Classes redefined (0 events):
No events

Internal exceptions (20 events):
Event: 138.291 Thread 0x0000019652807870 Exception <a 'sun/net/ConnectionResetException'{0x000000074664d4e8}: Connection reset> (0x000000074664d4e8) 
thrown [s\src\hotspot\share\prims\jni.cpp, line 535]
Event: 283.912 Thread 0x0000019652805500 Exception <a 'java/lang/NoClassDefFoundError'{0x000000074e4f2a00}: org/python/core/PyException> (0x000000074e4f2a00) 
thrown [s\src\hotspot\share\classfile\systemDictionary.cpp, line 245]
Event: 284.070 Thread 0x0000019652805500 Exception <a 'java/lang/ClassNotFoundException'{0x000000074e259848}: org/springframework/web/servlet/support/RequestContextBeanInfo> (0x000000074e259848) 
thrown [s\src\hotspot\share\classfile\systemDictionary.cpp, line 256]
Event: 284.076 Thread 0x0000019652805500 Exception <a 'java/lang/ClassNotFoundException'{0x000000074e25d148}: java/lang/ObjectBeanInfo> (0x000000074e25d148) 
thrown [s\src\hotspot\share\classfile\systemDictionary.cpp, line 256]
Event: 284.079 Thread 0x0000019652805500 Exception <a 'java/lang/ClassNotFoundException'{0x000000074e260e58}: java/lang/ObjectCustomizer> (0x000000074e260e58) 
thrown [s\src\hotspot\share\classfile\systemDictionary.cpp, line 256]
Event: 284.086 Thread 0x0000019652805500 Exception <a 'java/lang/IncompatibleClassChangeError'{0x000000074e265040}: Found class java.lang.Object, but interface was expected> (0x000000074e265040) 
thrown [s\src\hotspot\share\interpreter\linkResolver.cpp, line 826]
Event: 284.095 Thread 0x0000019652805500 Exception <a 'java/lang/ClassNotFoundException'{0x000000074e270d80}: org/springframework/web/servlet/support/RequestContextCustomizer> (0x000000074e270d80) 
thrown [s\src\hotspot\share\classfile\systemDictionary.cpp, line 256]
Event: 284.290 Thread 0x0000019652805500 Exception <a 'java/lang/ClassNotFoundException'{0x000000074e3a3740}: org/springframework/cloud/netflix/eureka/server/InstanceRegistryBeanInfo> (0x000000074e3a3740) 
thrown [s\src\hotspot\share\classfile\systemDictionary.cpp, line 256]
Event: 284.319 Thread 0x0000019652805500 Exception <a 'java/lang/ClassNotFoundException'{0x000000074e3d8470}: com/netflix/eureka/registry/PeerAwareInstanceRegistryImplBeanInfo> (0x000000074e3d8470) 
thrown [s\src\hotspot\share\classfile\systemDictionary.cpp, line 256]
Event: 284.342 Thread 0x0000019652805500 Exception <a 'java/lang/ClassNotFoundException'{0x000000074e3df050}: com/netflix/eureka/registry/AbstractInstanceRegistryBeanInfo> (0x000000074e3df050) 
thrown [s\src\hotspot\share\classfile\systemDictionary.cpp, line 256]
Event: 284.394 Thread 0x0000019652805500 Exception <a 'java/lang/ClassNotFoundException'{0x000000074e3e5ef8}: com/netflix/eureka/registry/AbstractInstanceRegistryCustomizer> (0x000000074e3e5ef8) 
thrown [s\src\hotspot\share\classfile\systemDictionary.cpp, line 256]
Event: 284.458 Thread 0x0000019652805500 Exception <a 'java/lang/ClassNotFoundException'{0x000000074e036380}: com/netflix/eureka/registry/PeerAwareInstanceRegistryImplCustomizer> (0x000000074e036380) 
thrown [s\src\hotspot\share\classfile\systemDictionary.cpp, line 256]
Event: 284.492 Thread 0x0000019652805500 Exception <a 'java/lang/ClassNotFoundException'{0x000000074e0513f0}: org/springframework/cloud/netflix/eureka/server/InstanceRegistryCustomizer> (0x000000074e0513f0) 
thrown [s\src\hotspot\share\classfile\systemDictionary.cpp, line 256]
Event: 284.543 Thread 0x0000019652805500 Exception <a 'java/lang/ClassNotFoundException'{0x000000074e086ec8}: java/util/LinkedHashMap$EntryBeanInfo> (0x000000074e086ec8) 
thrown [s\src\hotspot\share\classfile\systemDictionary.cpp, line 256]
Event: 284.548 Thread 0x0000019652805500 Exception <a 'java/lang/ClassNotFoundException'{0x000000074e08a090}: java/util/HashMap$NodeBeanInfo> (0x000000074e08a090) 
thrown [s\src\hotspot\share\classfile\systemDictionary.cpp, line 256]
Event: 284.551 Thread 0x0000019652805500 Exception <a 'java/lang/ClassNotFoundException'{0x000000074e08d1d0}: java/util/HashMap$NodeCustomizer> (0x000000074e08d1d0) 
thrown [s\src\hotspot\share\classfile\systemDictionary.cpp, line 256]
Event: 284.561 Thread 0x0000019652805500 Exception <a 'java/lang/ClassNotFoundException'{0x000000074e09a1f0}: java/util/LinkedHashMap$EntryCustomizer> (0x000000074e09a1f0) 
thrown [s\src\hotspot\share\classfile\systemDictionary.cpp, line 256]
Event: 284.566 Thread 0x0000019652805500 Exception <a 'java/lang/ClassNotFoundException'{0x000000074e0a5720}: com/netflix/eureka/util/StatusInfoBeanInfo> (0x000000074e0a5720) 
thrown [s\src\hotspot\share\classfile\systemDictionary.cpp, line 256]
Event: 284.595 Thread 0x0000019652805500 Exception <a 'java/lang/ClassNotFoundException'{0x000000074e0ab570}: com/netflix/eureka/util/StatusInfoCustomizer> (0x000000074e0ab570) 
thrown [s\src\hotspot\share\classfile\systemDictionary.cpp, line 256]
Event: 285.043 Thread 0x0000019652802260 Exception <a 'java/lang/NoSuchMethodError'{0x000000074e0f18a8}: 'java.lang.Object java.lang.invoke.DirectMethodHandle$Holder.invokeStatic(java.lang.Object, int, int)'> (0x000000074e0f18a8) 
thrown [s\src\hotspot\share\interpreter\linkResolver.cpp, line 759]

VM Operations (20 events):
Event: 201.592 Executing VM operation: Cleanup
Event: 201.592 Executing VM operation: Cleanup done
Event: 209.595 Executing VM operation: Cleanup
Event: 209.595 Executing VM operation: Cleanup done
Event: 269.794 Executing VM operation: Cleanup
Event: 269.794 Executing VM operation: Cleanup done
Event: 283.430 Executing VM operation: HandshakeAllThreads
Event: 283.430 Executing VM operation: HandshakeAllThreads done
Event: 283.430 Executing VM operation: Cleanup
Event: 283.430 Executing VM operation: Cleanup done
Event: 283.511 Executing VM operation: HandshakeAllThreads
Event: 283.511 Executing VM operation: HandshakeAllThreads done
Event: 283.530 Executing VM operation: HandshakeAllThreads
Event: 283.530 Executing VM operation: HandshakeAllThreads done
Event: 283.815 Executing VM operation: G1CollectForAllocation
Event: 283.819 Executing VM operation: G1CollectForAllocation done
Event: 283.940 Executing VM operation: HandshakeAllThreads
Event: 283.940 Executing VM operation: HandshakeAllThreads done
Event: 284.943 Executing VM operation: Cleanup
Event: 284.943 Executing VM operation: Cleanup done

Events (20 events):
Event: 284.548 loading class java/util/HashMap$NodeBeanInfo
Event: 284.548 loading class java/util/HashMap$NodeBeanInfo done
Event: 284.548 loading class java/util/HashMap$NodeCustomizer
Event: 284.548 loading class java/util/HashMap$NodeCustomizer done
Event: 284.551 loading class java/util/HashMap$NodeCustomizer
Event: 284.551 loading class java/util/HashMap$NodeCustomizer done
Event: 284.551 loading class com/sun/beans/finder/MethodFinder
Event: 284.552 loading class com/sun/beans/finder/AbstractFinder
Event: 284.554 loading class com/sun/beans/finder/AbstractFinder done
Event: 284.554 loading class com/sun/beans/finder/MethodFinder done
Event: 284.554 loading class com/sun/beans/finder/MethodFinder$1
Event: 284.554 loading class com/sun/beans/finder/MethodFinder$1 done
Event: 284.554 loading class com/sun/beans/finder/FinderUtils
Event: 284.554 loading class com/sun/beans/finder/FinderUtils done
Event: 284.558 loading class java/util/LinkedHashMap$EntryCustomizer
Event: 284.558 loading class java/util/LinkedHashMap$EntryCustomizer done
Event: 284.560 loading class java/util/LinkedHashMap$EntryCustomizer
Event: 284.561 loading class java/util/LinkedHashMap$EntryCustomizer done
Event: 285.044 loading class java/util/ArrayList$SubList$2
Event: 285.060 loading class java/util/ArrayList$SubList$2 done


Dynamic libraries:
0x00007ff7326e0000 - 0x00007ff7326ee000 	C:\Users\eduar\.jdks\corretto-17.0.10\bin\java.exe
0x00007ffea2850000 - 0x00007ffea2a67000 	C:\WINDOWS\SYSTEM32\ntdll.dll
0x00007ffea17a0000 - 0x00007ffea1864000 	C:\WINDOWS\System32\KERNEL32.DLL
0x00007ffe9fee0000 - 0x00007ffea0286000 	C:\WINDOWS\System32\KERNELBASE.dll
0x00007ffea02f0000 - 0x00007ffea0401000 	C:\WINDOWS\System32\ucrtbase.dll
0x00007ffe7c880000 - 0x00007ffe7c89b000 	C:\Users\eduar\.jdks\corretto-17.0.10\bin\VCRUNTIME140.dll
0x00007ffe7c9c0000 - 0x00007ffe7c9d7000 	C:\Users\eduar\.jdks\corretto-17.0.10\bin\jli.dll
0x00007ffea14f0000 - 0x00007ffea169e000 	C:\WINDOWS\System32\USER32.dll
0x00007ffea02c0000 - 0x00007ffea02e6000 	C:\WINDOWS\System32\win32u.dll
0x00007ffea0e60000 - 0x00007ffea0e89000 	C:\WINDOWS\System32\GDI32.dll
0x00007ffea0480000 - 0x00007ffea0598000 	C:\WINDOWS\System32\gdi32full.dll
0x00007ffe77e00000 - 0x00007ffe78093000 	C:\WINDOWS\WinSxS\amd64_microsoft.windows.common-controls_6595b64144ccf1df_6.0.22621.2506_none_270c5ae97388e100\COMCTL32.dll
0x00007ffe9fc50000 - 0x00007ffe9fcea000 	C:\WINDOWS\System32\msvcp_win.dll
0x00007ffea0e90000 - 0x00007ffea0f37000 	C:\WINDOWS\System32\msvcrt.dll
0x00007ffea0a40000 - 0x00007ffea0a71000 	C:\WINDOWS\System32\IMM32.DLL
0x00007ffe83ee0000 - 0x00007ffe83eec000 	C:\Users\eduar\.jdks\corretto-17.0.10\bin\vcruntime140_1.dll
0x00007ffe5a710000 - 0x00007ffe5a79d000 	C:\Users\eduar\.jdks\corretto-17.0.10\bin\msvcp140.dll
0x00007ffe09600000 - 0x00007ffe0a262000 	C:\Users\eduar\.jdks\corretto-17.0.10\bin\server\jvm.dll
0x00007ffea0b10000 - 0x00007ffea0bc3000 	C:\WINDOWS\System32\ADVAPI32.dll
0x00007ffea0d70000 - 0x00007ffea0e18000 	C:\WINDOWS\System32\sechost.dll
0x00007ffea0290000 - 0x00007ffea02b8000 	C:\WINDOWS\System32\bcrypt.dll
0x00007ffea0680000 - 0x00007ffea0797000 	C:\WINDOWS\System32\RPCRT4.dll
0x00007ffe9e9e0000 - 0x00007ffe9ea2d000 	C:\WINDOWS\SYSTEM32\POWRPROF.dll
0x00007ffe76250000 - 0x00007ffe76259000 	C:\WINDOWS\SYSTEM32\WSOCK32.dll
0x00007ffea21d0000 - 0x00007ffea2241000 	C:\WINDOWS\System32\WS2_32.dll
0x00007ffe94260000 - 0x00007ffe9426a000 	C:\WINDOWS\SYSTEM32\VERSION.dll
0x00007ffe94500000 - 0x00007ffe94534000 	C:\WINDOWS\SYSTEM32\WINMM.dll
0x00007ffe9e9c0000 - 0x00007ffe9e9d3000 	C:\WINDOWS\SYSTEM32\UMPDC.dll
0x00007ffe9ec80000 - 0x00007ffe9ec98000 	C:\WINDOWS\SYSTEM32\kernel.appcore.dll
0x00007ffe820e0000 - 0x00007ffe820ea000 	C:\Users\eduar\.jdks\corretto-17.0.10\bin\jimage.dll
0x00007ffe9d440000 - 0x00007ffe9d673000 	C:\WINDOWS\SYSTEM32\DBGHELP.DLL
0x00007ffea0f40000 - 0x00007ffea12c9000 	C:\WINDOWS\System32\combase.dll
0x00007ffea05a0000 - 0x00007ffea0677000 	C:\WINDOWS\System32\OLEAUT32.dll
0x00007ffe71d70000 - 0x00007ffe71da2000 	C:\WINDOWS\SYSTEM32\dbgcore.DLL
0x00007ffe9fcf0000 - 0x00007ffe9fd6a000 	C:\WINDOWS\System32\bcryptPrimitives.dll
0x00007ffe91bf0000 - 0x00007ffe91bfe000 	C:\Users\eduar\.jdks\corretto-17.0.10\bin\instrument.dll
0x00007ffe76e30000 - 0x00007ffe76e55000 	C:\Users\eduar\.jdks\corretto-17.0.10\bin\java.dll
0x00007ffe511b0000 - 0x00007ffe51287000 	C:\Users\eduar\.jdks\corretto-17.0.10\bin\jsvml.dll
0x00007ffea1870000 - 0x00007ffea20cb000 	C:\WINDOWS\System32\SHELL32.dll
0x00007ffe9dab0000 - 0x00007ffe9e3a6000 	C:\WINDOWS\SYSTEM32\windows.storage.dll
0x00007ffe9d970000 - 0x00007ffe9daae000 	C:\WINDOWS\SYSTEM32\wintypes.dll
0x00007ffea20d0000 - 0x00007ffea21c3000 	C:\WINDOWS\System32\SHCORE.dll
0x00007ffea22e0000 - 0x00007ffea233e000 	C:\WINDOWS\System32\shlwapi.dll
0x00007ffe9fac0000 - 0x00007ffe9fae6000 	C:\WINDOWS\SYSTEM32\profapi.dll
0x00007ffe77840000 - 0x00007ffe77858000 	C:\Users\eduar\.jdks\corretto-17.0.10\bin\zip.dll
0x00007ffe7c130000 - 0x00007ffe7c149000 	C:\Users\eduar\.jdks\corretto-17.0.10\bin\net.dll
0x00007ffe95460000 - 0x00007ffe95597000 	C:\WINDOWS\SYSTEM32\WINHTTP.dll
0x00007ffe9f0f0000 - 0x00007ffe9f159000 	C:\WINDOWS\system32\mswsock.dll
0x00007ffe7a5f0000 - 0x00007ffe7a606000 	C:\Users\eduar\.jdks\corretto-17.0.10\bin\nio.dll
0x00007ffe91a10000 - 0x00007ffe91a2a000 	C:\Program Files\JetBrains\IntelliJ-IDEA-Community-Edition-2023\bin\breakgen64.dll
0x00007ffe81f80000 - 0x00007ffe81f89000 	C:\Users\eduar\.jdks\corretto-17.0.10\bin\extnet.dll
0x00007ffe9e6c0000 - 0x00007ffe9e6ed000 	C:\WINDOWS\SYSTEM32\IPHLPAPI.DLL
0x00007ffea0e50000 - 0x00007ffea0e59000 	C:\WINDOWS\System32\NSI.dll
0x00007ffe95810000 - 0x00007ffe95829000 	C:\WINDOWS\SYSTEM32\dhcpcsvc6.DLL
0x00007ffe94fd0000 - 0x00007ffe94fef000 	C:\WINDOWS\SYSTEM32\dhcpcsvc.DLL
0x00007ffe9e6f0000 - 0x00007ffe9e7e9000 	C:\WINDOWS\SYSTEM32\DNSAPI.dll
0x00007ffe93b80000 - 0x00007ffe93b8a000 	C:\Windows\System32\rasadhlp.dll
0x00007ffe93470000 - 0x00007ffe934f3000 	C:\WINDOWS\System32\fwpuclnt.dll
0x00007ffe7d5a0000 - 0x00007ffe7d5ae000 	C:\Users\eduar\.jdks\corretto-17.0.10\bin\sunmscapi.dll
0x00007ffe9fd70000 - 0x00007ffe9fed6000 	C:\WINDOWS\System32\CRYPT32.dll
0x00007ffe9f530000 - 0x00007ffe9f55e000 	C:\WINDOWS\SYSTEM32\ncrypt.dll
0x00007ffe9f4f0000 - 0x00007ffe9f527000 	C:\WINDOWS\SYSTEM32\NTASN1.dll
0x00007ffe9f440000 - 0x00007ffe9f45b000 	C:\WINDOWS\SYSTEM32\CRYPTSP.dll
0x00007ffe9ebe0000 - 0x00007ffe9ec15000 	C:\WINDOWS\system32\rsaenh.dll
0x00007ffe9f190000 - 0x00007ffe9f1bc000 	C:\WINDOWS\SYSTEM32\USERENV.dll
0x00007ffe9f420000 - 0x00007ffe9f42c000 	C:\WINDOWS\SYSTEM32\CRYPTBASE.dll
0x00007ffe94610000 - 0x00007ffe94619000 	C:\Users\eduar\.jdks\corretto-17.0.10\bin\management.dll
0x00007ffe94570000 - 0x00007ffe9457b000 	C:\Users\eduar\.jdks\corretto-17.0.10\bin\management_ext.dll
0x00007ffea0aa0000 - 0x00007ffea0aa8000 	C:\WINDOWS\System32\PSAPI.DLL
0x00007ffe7df70000 - 0x00007ffe7df80000 	C:\Users\eduar\.jdks\corretto-17.0.10\bin\verify.dll
0x00007ffe73740000 - 0x00007ffe73757000 	C:\WINDOWS\system32\napinsp.dll
0x00007ffe73720000 - 0x00007ffe7373b000 	C:\WINDOWS\system32\pnrpnsp.dll
0x00007ffe73700000 - 0x00007ffe73711000 	C:\WINDOWS\System32\winrnr.dll
0x00007ffe93b90000 - 0x00007ffe93ba5000 	C:\WINDOWS\system32\wshbth.dll
0x00007ffe71af0000 - 0x00007ffe71b11000 	C:\WINDOWS\system32\nlansp_c.dll
0x00007ffe7a6a0000 - 0x00007ffe7a6a8000 	C:\WINDOWS\system32\wshunix.dll

dbghelp: loaded successfully - version: 4.0.5 - missing functions: none
symbol engine: initialized successfully - sym options: 0x614 - pdb path: .;C:\Users\eduar\.jdks\corretto-17.0.10\bin;C:\WINDOWS\SYSTEM32;C:\WINDOWS\WinSxS\amd64_microsoft.windows.common-controls_6595b64144ccf1df_6.0.22621.2506_none_270c5ae97388e100;C:\Users\eduar\.jdks\corretto-17.0.10\bin\server;C:\Program Files\JetBrains\IntelliJ-IDEA-Community-Edition-2023\bin

VM Arguments:
jvm_args: -javaagent:C:\Program Files\JetBrains\IntelliJ-IDEA-Community-Edition-2023\lib\idea_rt.jar=63616:C:\Program Files\JetBrains\IntelliJ-IDEA-Community-Edition-2023\bin -Dfile.encoding=UTF-8 
java_command: com.drcde.discoveryservice.DiscoveryServiceApplication
java_class_path (initial): E:\Mis Proyectos\Springboot\microservices\discovery-service\target\classes;C:\Users\eduar\.m2\repository\org\springframework\cloud\spring-cloud-starter-netflix-eureka-server\4.1.0\spring-cloud-starter-netflix-eureka-server-4.1.0.jar;C:\Users\eduar\.m2\repository\org\springframework\cloud\spring-cloud-starter\4.1.0\spring-cloud-starter-4.1.0.jar;C:\Users\eduar\.m2\repository\org\springframework\cloud\spring-cloud-context\4.1.0\spring-cloud-context-4.1.0.jar;C:\Users\eduar\.m2\repository\org\springframework\security\spring-security-crypto\6.2.2\spring-security-crypto-6.2.2.jar;C:\Users\eduar\.m2\repository\org\springframework\cloud\spring-cloud-commons\4.1.0\spring-cloud-commons-4.1.0.jar;C:\Users\eduar\.m2\repository\org\springframework\security\spring-security-rsa\1.1.1\spring-security-rsa-1.1.1.jar;C:\Users\eduar\.m2\repository\org\bouncycastle\bcprov-jdk18on\1.74\bcprov-jdk18on-1.74.jar;C:\Users\eduar\.m2\repository\org\springframework\cloud\spring-cloud-netflix-eureka-server\4.1.0\spring-cloud-netflix-eureka-server-4.1.0.jar;C:\Users\eduar\.m2\repository\org\springframework\boot\spring-boot-starter-web\3.2.3\spring-boot-starter-web-3.2.3.jar;C:\Users\eduar\.m2\repository\org\springframework\boot\spring-boot-starter-json\3.2.3\spring-boot-starter-json-3.2.3.jar;C:\Users\eduar\.m2\repository\com\fasterxml\jackson\datatype\jackson-datatype-jdk8\2.15.4\jackson-datatype-jdk8-2.15.4.jar;C:\Users\eduar\.m2\repository\com\fasterxml\jackson\datatype\jackson-datatype-jsr310\2.15.4\jackson-datatype-jsr310-2.15.4.jar;C:\Users\eduar\.m2\repository\com\fasterxml\jackson\module\jackson-module-parameter-names\2.15.4\jackson-module-parameter-names-2.15.4.jar;C:\Users\eduar\.m2\repository\org\springframework\boot\spring-boot-starter-tomcat\3.2.3\spring-boot-starter-tomcat-3.2.3.jar;C:\Users\eduar\.m2\repository\org\apache\tomcat\embed\tomcat-embed-core\10.1.19\tomcat-embed-core-10.1.19.jar;C:\Users\eduar\.m2\repository\org\apache\tomcat\embed\tomcat-em
Launcher Type: SUN_STANDARD

[Global flags]
     intx CICompilerCount                          = 4                                         {product} {ergonomic}
     uint ConcGCThreads                            = 2                                         {product} {ergonomic}
     uint G1ConcRefinementThreads                  = 8                                         {product} {ergonomic}
   size_t G1HeapRegionSize                         = 2097152                                   {product} {ergonomic}
    uintx GCDrainStackTargetSize                   = 64                                        {product} {ergonomic}
   size_t InitialHeapSize                          = 199229440                                 {product} {ergonomic}
   size_t MarkStackSize                            = 4194304                                   {product} {ergonomic}
   size_t MaxHeapSize                              = 3170893824                                {product} {ergonomic}
   size_t MaxNewSize                               = 1902116864                                {product} {ergonomic}
   size_t MinHeapDeltaBytes                        = 2097152                                   {product} {ergonomic}
   size_t MinHeapSize                              = 8388608                                   {product} {ergonomic}
    uintx NonNMethodCodeHeapSize                   = 5839372                                {pd product} {ergonomic}
    uintx NonProfiledCodeHeapSize                  = 122909434                              {pd product} {ergonomic}
    uintx ProfiledCodeHeapSize                     = 122909434                              {pd product} {ergonomic}
    uintx ReservedCodeCacheSize                    = 251658240                              {pd product} {ergonomic}
     bool SegmentedCodeCache                       = true                                      {product} {ergonomic}
   size_t SoftMaxHeapSize                          = 3170893824                             {manageable} {ergonomic}
     bool UseCompressedClassPointers               = true                           {product lp64_product} {ergonomic}
     bool UseCompressedOops                        = true                           {product lp64_product} {ergonomic}
     bool UseG1GC                                  = true                                      {product} {ergonomic}
     bool UseLargePagesIndividualAllocation        = false                                  {pd product} {ergonomic}

Logging:
Log output configuration:
 #0: stdout all=warning uptime,level,tags
 #1: stderr all=off uptime,level,tags

Environment Variables:
PATH=C:\Python311\Scripts\;C:\Python311\;C:\WINDOWS\system32;C:\WINDOWS;C:\WINDOWS\System32\Wbem;C:\WINDOWS\System32\WindowsPowerShell\v1.0\;C:\WINDOWS\System32\OpenSSH\;C:\Program Files (x86)\NVIDIA Corporation\PhysX\Common;C:\Program Files\NVIDIA Corporation\NVIDIA NvDLISR;C:\ProgramData\chocolatey\bin;C:\Program Files\Docker\Docker\resources\bin;C:\Program Files\nodejs\;C:\Program Files\Git\cmd;C:\Users\eduar\AppData\Local\Microsoft\WindowsApps;C:\Program Files\JetBrains\IntelliJ-IDEA-Community-Edition-2023\bin;;C:\Users\eduar\AppData\Local\Programs\Microsoft VS Code\bin;C:\Users\eduar\AppData\Local\Programs\oh-my-posh\bin;C:\Program Files\nodejs;C:\Users\eduar\AppData\Roaming\npm
USERNAME=Edu
OS=Windows_NT
PROCESSOR_IDENTIFIER=Intel64 Family 6 Model 142 Stepping 12, GenuineIntel
TMP=C:\Users\eduar\AppData\Local\Temp
TEMP=C:\Users\eduar\AppData\Local\Temp



Periodic native trim disabled


---------------  S Y S T E M  ---------------

OS:
 Windows 11 , 64 bit Build 22621 (10.0.22621.3085)
OS uptime: 6 days 4:49 hours
Hyper-V role detected

CPU: total 8 (initial active 8) (4 cores per cpu, 2 threads per core) family 6 model 142 stepping 12 microcode 0xde, cx8, cmov, fxsr, ht, mmx, 3dnowpref, sse, sse2, sse3, ssse3, sse4.1, sse4.2, popcnt, lzcnt, tsc, tscinvbit, avx, avx2, aes, erms, clmul, bmi1, bmi2, adx, fma, vzeroupper, clflush, clflushopt, hv
Processor Information for all 8 processors :
  Max Mhz: 2304, Current Mhz: 1803, Mhz Limit: 1797

Memory: 4k page, system-wide physical 12091M (175M free)
TotalPageFile size 27250M (AvailPageFile size 4M)
current process WorkingSet (physical memory assigned to process): 201M, peak: 270M
current process commit charge ("private bytes"): 303M, peak: 350M

vm_info: OpenJDK 64-Bit Server VM (17.0.10+7-LTS) for windows-amd64 JRE (17.0.10+7-LTS), built on Jan 10 2024 22:11:07 by "Administrator" with MS VC++ 16.10 / 16.11 (VS2019)

END.
